\BOOKMARK [0][-]{Doc-Start}{\376\377\000I\000n\000t\000r\000o\000d\000u\000c\000t\000i\000o\000n}{}% 1
\BOOKMARK [0][-]{chapter.1}{\376\377\000P\000r\000\351\000s\000e\000n\000t\000a\000t\000i\000o\000n\000\040\000G\000\351\000n\000\351\000r\000a\000l\000e}{}% 2
\BOOKMARK [1][-]{section.1.1}{\376\377\000P\000r\000\351\000s\000e\000n\000t\000a\000t\000i\000o\000n\000\040\000d\000e\000\040\000l\000a\000\040\000s\000t\000r\000u\000c\000t\000u\000r\000e\000\040\000d\000'\000a\000c\000c\000u\000e\000i\000l}{chapter.1}% 3
\BOOKMARK [2][-]{subsection.1.1.1}{\376\377\000P\000r\000\351\000s\000e\000n\000t\000a\000t\000i\000o\000n\000\040\000d\000e\000\040\000l\000a\000\040\000S\000o\000c\000i\000e\000t\000e\000\040\000T\000e\000r\000i\000n\000n\000o\000v\000a}{section.1.1}% 4
\BOOKMARK [2][-]{subsection.1.1.2}{\376\377\000D\000o\000m\000a\000i\000n\000e\000s\000\040\000d\000'\000a\000c\000t\000i\000v\000i\000t\000\351\000s}{section.1.1}% 5
\BOOKMARK [1][-]{section.1.2}{\376\377\000P\000r\000\351\000s\000e\000n\000t\000a\000t\000i\000o\000n\000\040\000d\000u\000\040\000s\000u\000j\000e\000t}{chapter.1}% 6
\BOOKMARK [2][-]{subsection.1.2.1}{\376\377\000C\000o\000n\000t\000e\000x\000t\000e}{section.1.2}% 7
\BOOKMARK [2][-]{subsection.1.2.2}{\376\377\000P\000r\000o\000b\000l\000\351\000m\000a\000t\000i\000q\000u\000e}{section.1.2}% 8
\BOOKMARK [2][-]{subsection.1.2.3}{\376\377\000O\000b\000j\000e\000c\000t\000i\000f\000s}{section.1.2}% 9
\BOOKMARK [0][-]{chapter.2}{\376\377\000\040\000C\000h\000o\000i\000x\000\040\000d\000'\000u\000n\000e\000\040\000m\000\351\000t\000h\000o\000d\000e\000\040\000d\000'\000a\000n\000a\000l\000y\000s\000e\000\040\000e\000t\000\040\000d\000e\000\040\000c\000o\000n\000c\000e\000p\000t\000i\000o\000n\000\040}{}% 10
\BOOKMARK [1][-]{section.2.1}{\376\377\000D\000\351\000f\000i\000n\000i\000t\000i\000o\000n\000\040\000d\000e\000s\000\040\000c\000o\000n\000c\000e\000p\000t\000s}{chapter.2}% 11
\BOOKMARK [1][-]{section.2.2}{\376\377\000P\000o\000u\000r\000q\000u\000o\000i\000\040\000u\000t\000i\000l\000i\000s\000e\000r\000\040\000u\000n\000e\000\040\000m\000\351\000t\000h\000o\000d\000e\000\040\000?}{chapter.2}% 12
\BOOKMARK [1][-]{section.2.3}{\376\377\000C\000l\000a\000s\000s\000i\000f\000i\000c\000a\000t\000i\000o\000n\000\040\000d\000e\000s\000\040\000m\000\351\000t\000h\000o\000d\000e\000s\000\040\000d\000'\000a\000n\000a\000l\000y\000s\000e\000\040\000e\000t\000\040\000d\000e\000\040\000c\000o\000n\000c\000e\000p\000t\000i\000o\000n}{chapter.2}% 13
\BOOKMARK [1][-]{section.2.4}{\376\377\000C\000h\000o\000i\000x\000\040\000d\000'\000u\000n\000e\000\040\000m\000\351\000t\000h\000o\000d\000e\000\040\000d\000'\000a\000n\000a\000l\000y\000s\000e\000\040\000e\000t\000\040\000d\000e\000\040\000c\000o\000n\000c\000e\000p\000t\000i\000o\000n}{chapter.2}% 14
\BOOKMARK [0][-]{chapter.3}{\376\377\000\040\000E\000t\000u\000d\000e\000\040\000d\000e\000\040\000l\000'\000e\000x\000i\000s\000t\000a\000n\000t\000\040}{}% 15
\BOOKMARK [1][-]{section.3.1}{\376\377\000D\000\351\000f\000i\000n\000i\000t\000i\000o\000n\000s\000\040\000d\000e\000s\000\040\000c\000o\000n\000c\000e\000p\000t\000s\000\040\000d\000u\000\040\000d\000o\000m\000a\000i\000n\000e}{chapter.3}% 16
\BOOKMARK [1][-]{section.3.2}{\376\377\000F\000o\000n\000c\000t\000i\000o\000n\000n\000a\000l\000i\000t\000\351\000s\000\040\000e\000x\000i\000s\000t\000a\000n\000t\000e\000s}{chapter.3}% 17
\BOOKMARK [2][-]{subsection.3.2.1}{\376\377\000L\000e\000s\000\040\000a\000c\000t\000e\000u\000r\000s\000\040\000p\000r\000i\000n\000c\000i\000p\000a\000u\000x}{section.3.2}% 18
\BOOKMARK [2][-]{subsection.3.2.2}{\376\377\000L\000e\000s\000\040\000m\000o\000d\000u\000l\000e\000s\000\040\000e\000x\000i\000s\000t\000a\000n\000t\000s}{section.3.2}% 19
\BOOKMARK [1][-]{section.3.3}{\376\377\000A\000r\000c\000h\000i\000t\000e\000c\000t\000u\000r\000e\000\040\000e\000t\000\040\000T\000e\000c\000h\000n\000o\000l\000o\000g\000i\000e\000s\000\040\000u\000t\000i\000l\000i\000s\000\351\000e\000s}{chapter.3}% 20
\BOOKMARK [2][-]{subsection.3.3.1}{\376\377\000A\000r\000c\000h\000i\000t\000e\000c\000t\000u\000r\000e\000\040\000t\000e\000c\000h\000n\000i\000q\000u\000e}{section.3.3}% 21
\BOOKMARK [2][-]{subsection.3.3.2}{\376\377\000A\000r\000c\000h\000i\000t\000e\000c\000t\000u\000r\000e\000\040\000a\000p\000p\000l\000i\000c\000a\000t\000i\000v\000e}{section.3.3}% 22
\BOOKMARK [2][-]{subsection.3.3.3}{\376\377\000T\000e\000c\000h\000n\000o\000l\000o\000g\000i\000e\000s\000\040\000u\000t\000i\000l\000i\000s\000\351\000e\000s}{section.3.3}% 23
\BOOKMARK [2][-]{subsection.3.3.4}{\376\377\000L\000e\000s\000\040\000\351\000v\000o\000l\000u\000t\000i\000o\000n\000s\000\040\000s\000o\000u\000h\000a\000i\000t\000\351\000e\000s}{section.3.3}% 24
\BOOKMARK [0][-]{chapter.4}{\376\377\000S\000p\000\351\000c\000i\000f\000i\000c\000a\000t\000i\000o\000n\000s\000\040\000f\000o\000n\000c\000t\000i\000o\000n\000n\000e\000l\000l\000e\000s\000\040\000d\000\351\000t\000a\000i\000l\000l\000\351\000e\000s}{}% 25
\BOOKMARK [1][-]{section.4.1}{\376\377\000L\000e\000s\000\040\000a\000c\000t\000e\000u\000r\000s\000\040\000d\000e\000\040\000l\000'\000a\000p\000p\000l\000i\000c\000a\000t\000i\000o\000n}{chapter.4}% 26
\BOOKMARK [1][-]{section.4.2}{\376\377\000P\000r\000\351\000s\000e\000n\000t\000a\000t\000i\000o\000n\000\040\000d\000u\000\040\000d\000o\000m\000a\000i\000n\000e}{chapter.4}% 27
\BOOKMARK [0][-]{chapter.5}{\376\377\000C\000o\000n\000c\000e\000p\000t\000i\000o\000n\000\040\000d\000e\000\040\000l\000a\000\040\000p\000l\000a\000t\000e\000f\000o\000r\000m\000e}{}% 28
\BOOKMARK [1][-]{section.5.1}{\376\377\000S\000o\000l\000u\000t\000i\000o\000n\000\040\000t\000e\000c\000h\000n\000i\000q\000u\000e}{chapter.5}% 29
\BOOKMARK [1][-]{section.5.2}{\376\377\000A\000r\000c\000h\000i\000t\000e\000c\000t\000u\000r\000e\000\040\000d\000e\000\040\000l\000a\000\040\000p\000l\000a\000t\000e\000f\000o\000r\000m\000e}{chapter.5}% 30
\BOOKMARK [0][-]{chapter.6}{\376\377\000C\000h\000o\000i\000x\000\040\000d\000e\000s\000\040\000o\000u\000t\000i\000l\000s\000\040\000e\000t\000\040\000t\000e\000c\000h\000n\000o\000l\000o\000g\000i\000e\000s}{}% 31
\BOOKMARK [0][-]{chapter.7}{\376\377\000I\000m\000p\000l\000\351\000m\000e\000n\000t\000a\000t\000i\000o\000n\000\040\000d\000e\000\040\000l\000a\000\040\000s\000o\000l\000u\000t\000i\000o\000n}{}% 32
\BOOKMARK [1][-]{section.7.1}{\376\377\000A\000r\000c\000h\000i\000t\000e\000c\000t\000u\000r\000e\000\040\000d\000e\000\040\000l\000a\000\040\000s\000o\000l\000u\000t\000i\000o\000n}{chapter.7}% 33
\BOOKMARK [1][-]{section.7.2}{\376\377\000P\000r\000\351\000s\000e\000n\000t\000a\000t\000i\000o\000n\000\040\000d\000e\000\040\000l\000'\000a\000p\000p\000l\000i\000c\000a\000t\000i\000o\000n}{chapter.7}% 34
\BOOKMARK [0][-]{section.7.2}{\376\377\000C\000o\000n\000c\000l\000u\000s\000i\000o\000n\000\040\000e\000t\000\040\000P\000e\000r\000s\000p\000e\000c\000t\000i\000v\000e\000s}{}% 35
\BOOKMARK [0][-]{section.7.2}{\376\377\000A\000n\000n\000e\000x\000e\000s}{}% 36
